[0106/234024.874:ERROR:process_reader_win.cc(123)] NtOpenThread: {Access Denied} A process has requested access to an object, but has not been granted those access rights. (0xc0000022)
[0106/234024.874:ERROR:process_reader_win.cc(123)] NtOpenThread: {Access Denied} A process has requested access to an object, but has not been granted those access rights. (0xc0000022)
[0106/234025.176:ERROR:exception_snapshot_win.cc(98)] thread ID 11900 not found in process
[0106/234025.176:ERROR:exception_snapshot_win.cc(98)] thread ID 13008 not found in process
[0216/200559.298:ERROR:process_reader_win.cc(151)] SuspendThread: Access is denied. (0x5)
[0216/200600.008:ERROR:process_info.cc(329)] VirtualQueryEx: Access is denied. (0x5)
[0216/200559.274:ERROR:process_reader_win.cc(151)] SuspendThread: Access is denied. (0x5)
[0216/200559.265:ERROR:process_reader_win.cc(151)] SuspendThread: Access is denied. (0x5)
[0216/200559.205:ERROR:process_reader_win.cc(151)] SuspendThread: Access is denied. (0x5)
[0216/200559.287:ERROR:process_reader_win.cc(151)] SuspendThread: Access is denied. (0x5)
[0216/200559.297:ERROR:process_reader_win.cc(151)] SuspendThread: Access is denied. (0x5)
[0216/200558.865:ERROR:process_reader_win.cc(151)] SuspendThread: Access is denied. (0x5)
[0216/200559.284:ERROR:process_reader_win.cc(151)] SuspendThread: Access is denied. (0x5)
[0216/200559.265:ERROR:process_reader_win.cc(151)] SuspendThread: Access is denied. (0x5)
[0216/200603.884:ERROR:exception_snapshot_win.cc(98)] thread ID 20428 not found in process
[0216/200559.286:ERROR:process_reader_win.cc(151)] SuspendThread: Access is denied. (0x5)
[0216/200559.304:ERROR:process_reader_win.cc(151)] SuspendThread: Access is denied. (0x5)
[0216/200559.310:ERROR:process_reader_win.cc(151)] SuspendThread: Access is denied. (0x5)
[0216/200559.304:ERROR:process_reader_win.cc(151)] SuspendThread: Access is denied. (0x5)
[0216/200559.279:ERROR:process_reader_win.cc(151)] SuspendThread: Access is denied. (0x5)
[0216/200559.272:ERROR:process_reader_win.cc(151)] SuspendThread: Access is denied. (0x5)
[0216/200559.257:ERROR:process_reader_win.cc(151)] SuspendThread: Access is denied. (0x5)
[0216/200558.864:ERROR:process_reader_win.cc(151)] SuspendThread: Access is denied. (0x5)
[0216/200559.297:ERROR:process_reader_win.cc(151)] SuspendThread: Access is denied. (0x5)
[0216/200559.280:ERROR:process_reader_win.cc(151)] SuspendThread: Access is denied. (0x5)
[0216/200600.026:ERROR:process_info.cc(329)] VirtualQueryEx: Access is denied. (0x5)
[0216/200603.888:ERROR:process_reader_win.cc(151)] SuspendThread: Access is denied. (0x5)
[0216/200603.888:ERROR:process_reader_win.cc(151)] SuspendThread: Access is denied. (0x5)
[0216/200603.888:ERROR:process_reader_win.cc(151)] SuspendThread: Access is denied. (0x5)
[0216/200603.888:ERROR:process_reader_win.cc(151)] SuspendThread: Access is denied. (0x5)
[0216/200603.888:ERROR:process_reader_win.cc(151)] SuspendThread: Access is denied. (0x5)
[0216/200603.888:ERROR:process_reader_win.cc(151)] SuspendThread: Access is denied. (0x5)
[0216/200603.888:ERROR:exception_snapshot_win.cc(98)] thread ID 1784 not found in process
[0216/200603.888:ERROR:process_reader_win.cc(151)] SuspendThread: Access is denied. (0x5)
[0216/200603.888:ERROR:exception_snapshot_win.cc(98)] thread ID 5300 not found in process
[0216/200603.888:ERROR:process_reader_win.cc(151)] SuspendThread: Access is denied. (0x5)
[0216/200603.888:ERROR:process_reader_win.cc(151)] SuspendThread: Access is denied. (0x5)
[0216/200603.888:ERROR:scoped_process_suspend.cc(40)] NtResumeProcess: An attempt was made to access an exiting process. (0xc000010a)
[0216/200603.888:ERROR:process_reader_win.cc(151)] SuspendThread: Access is denied. (0x5)
[0216/200603.888:ERROR:process_reader_win.cc(151)] SuspendThread: Access is denied. (0x5)
[0216/200603.888:ERROR:process_reader_win.cc(151)] SuspendThread: Access is denied. (0x5)
[0216/200603.888:ERROR:process_info.cc(556)] ReadMemoryInfo failed
[0216/200603.888:ERROR:process_reader_win.cc(151)] SuspendThread: Access is denied. (0x5)
[0216/200603.888:ERROR:process_reader_win.cc(151)] SuspendThread: Access is denied. (0x5)
[0216/200603.888:ERROR:scoped_process_suspend.cc(40)] NtResumeProcess: An attempt was made to access an exiting process. (0xc000010a)
[0216/200603.888:ERROR:process_reader_win.cc(151)] SuspendThread: Access is denied. (0x5)
[0216/200603.888:ERROR:process_reader_win.cc(151)] SuspendThread: Access is denied. (0x5)
[0216/200603.888:ERROR:process_reader_win.cc(151)] SuspendThread: Access is denied. (0x5)
[0216/200603.888:ERROR:process_reader_win.cc(151)] SuspendThread: Access is denied. (0x5)
[0216/200603.888:ERROR:process_reader_win.cc(151)] SuspendThread: Access is denied. (0x5)
[0216/200603.888:ERROR:process_reader_win.cc(151)] SuspendThread: Access is denied. (0x5)
[0216/200603.888:ERROR:process_reader_win.cc(151)] SuspendThread: Access is denied. (0x5)
[0216/200603.888:ERROR:process_reader_win.cc(151)] SuspendThread: Access is denied. (0x5)
[0216/200603.888:ERROR:process_reader_win.cc(151)] SuspendThread: Access is denied. (0x5)
[0216/200603.886:ERROR:process_info.cc(556)] ReadMemoryInfo failed
[0216/200603.888:ERROR:process_reader_win.cc(151)] SuspendThread: Access is denied. (0x5)
[0216/200603.888:ERROR:process_reader_win.cc(151)] SuspendThread: Access is denied. (0x5)
[0216/200603.888:ERROR:process_reader_win.cc(151)] SuspendThread: Access is denied. (0x5)
[0216/200603.888:ERROR:process_reader_win.cc(151)] SuspendThread: Access is denied. (0x5)
[0216/200603.888:ERROR:process_reader_win.cc(151)] SuspendThread: Access is denied. (0x5)
[0216/200603.888:ERROR:process_reader_win.cc(151)] SuspendThread: Access is denied. (0x5)
[0216/200603.889:ERROR:process_reader_win.cc(151)] SuspendThread: Access is denied. (0x5)
[0216/200603.889:ERROR:process_reader_win.cc(151)] SuspendThread: Access is denied. (0x5)
[0216/200603.889:ERROR:process_reader_win.cc(151)] SuspendThread: Access is denied. (0x5)
[0216/200603.888:ERROR:scoped_process_suspend.cc(40)] NtResumeProcess: An attempt was made to access an exiting process. (0xc000010a)
[0216/200603.889:ERROR:process_reader_win.cc(151)] SuspendThread: Access is denied. (0x5)
[0216/200603.889:ERROR:process_reader_win.cc(151)] SuspendThread: Access is denied. (0x5)
[0216/200603.888:ERROR:process_reader_win.cc(151)] SuspendThread: Access is denied. (0x5)
[0216/200603.889:ERROR:process_reader_win.cc(151)] SuspendThread: Access is denied. (0x5)
[0216/200603.889:ERROR:process_reader_win.cc(151)] SuspendThread: Access is denied. (0x5)
[0216/200603.888:ERROR:process_reader_win.cc(151)] SuspendThread: Access is denied. (0x5)
[0216/200603.888:ERROR:process_reader_win.cc(151)] SuspendThread: Access is denied. (0x5)
[0216/200603.888:ERROR:process_reader_win.cc(151)] SuspendThread: Access is denied. (0x5)
[0216/200603.888:ERROR:scoped_process_suspend.cc(40)] NtResumeProcess: An attempt was made to access an exiting process. (0xc000010a)
[0216/200603.889:ERROR:process_reader_win.cc(151)] SuspendThread: Access is denied. (0x5)
[0216/200603.889:ERROR:process_reader_win.cc(151)] SuspendThread: Access is denied. (0x5)
[0216/200603.888:ERROR:process_reader_win.cc(151)] SuspendThread: Access is denied. (0x5)
[0216/200603.889:ERROR:process_reader_win.cc(151)] SuspendThread: Access is denied. (0x5)
[0216/200603.888:ERROR:process_reader_win.cc(151)] SuspendThread: Access is denied. (0x5)
[0216/200603.889:ERROR:process_reader_win.cc(151)] SuspendThread: Access is denied. (0x5)
[0216/200603.888:ERROR:exception_snapshot_win.cc(98)] thread ID 18160 not found in process
[0216/200603.889:ERROR:process_reader_win.cc(151)] SuspendThread: Access is denied. (0x5)
[0216/200603.888:ERROR:process_reader_win.cc(151)] SuspendThread: Access is denied. (0x5)
[0216/200603.889:ERROR:process_reader_win.cc(151)] SuspendThread: Access is denied. (0x5)
[0216/200603.888:ERROR:process_reader_win.cc(151)] SuspendThread: Access is denied. (0x5)
[0216/200603.889:ERROR:process_reader_win.cc(151)] SuspendThread: Access is denied. (0x5)
[0216/200603.889:ERROR:exception_snapshot_win.cc(98)] thread ID 10424 not found in process
[0216/200603.888:ERROR:process_reader_win.cc(151)] SuspendThread: Access is denied. (0x5)
[0216/200603.889:ERROR:process_reader_win.cc(151)] SuspendThread: Access is denied. (0x5)
[0216/200603.888:ERROR:process_reader_win.cc(151)] SuspendThread: Access is denied. (0x5)
[0216/200603.888:ERROR:scoped_process_suspend.cc(40)] NtResumeProcess: An attempt was made to access an exiting process. (0xc000010a)
[0216/200603.889:ERROR:process_reader_win.cc(151)] SuspendThread: Access is denied. (0x5)
[0216/200603.889:ERROR:process_reader_win.cc(151)] SuspendThread: Access is denied. (0x5)
[0216/200603.889:ERROR:process_reader_win.cc(151)] SuspendThread: Access is denied. (0x5)
[0216/200603.889:ERROR:process_reader_win.cc(151)] SuspendThread: Access is denied. (0x5)
[0216/200603.889:ERROR:process_reader_win.cc(151)] SuspendThread: Access is denied. (0x5)
[0216/200603.889:ERROR:process_reader_win.cc(151)] SuspendThread: Access is denied. (0x5)
[0216/200603.888:ERROR:process_reader_win.cc(151)] SuspendThread: Access is denied. (0x5)
[0216/200603.889:ERROR:process_reader_win.cc(151)] SuspendThread: Access is denied. (0x5)
[0216/200603.889:ERROR:process_reader_win.cc(151)] SuspendThread: Access is denied. (0x5)
[0216/200603.889:ERROR:process_reader_win.cc(151)] SuspendThread: Access is denied. (0x5)
[0216/200603.889:ERROR:process_reader_win.cc(151)] SuspendThread: Access is denied. (0x5)
[0216/200603.889:ERROR:process_reader_win.cc(151)] SuspendThread: Access is denied. (0x5)
[0216/200603.889:ERROR:process_reader_win.cc(151)] SuspendThread: Access is denied. (0x5)
[0216/200603.888:ERROR:process_reader_win.cc(151)] SuspendThread: Access is denied. (0x5)
[0216/200603.889:ERROR:process_reader_win.cc(151)] SuspendThread: Access is denied. (0x5)
[0216/200603.889:ERROR:process_reader_win.cc(151)] SuspendThread: Access is denied. (0x5)
[0216/200603.889:ERROR:process_reader_win.cc(151)] SuspendThread: Access is denied. (0x5)
[0216/200603.889:ERROR:process_reader_win.cc(151)] SuspendThread: Access is denied. (0x5)
[0216/200603.889:ERROR:process_reader_win.cc(151)] SuspendThread: Access is denied. (0x5)
[0216/200603.889:ERROR:process_reader_win.cc(151)] SuspendThread: Access is denied. (0x5)
[0216/200603.889:ERROR:process_reader_win.cc(151)] SuspendThread: Access is denied. (0x5)
[0216/200603.889:ERROR:exception_snapshot_win.cc(98)] thread ID 8160 not found in process
[0216/200603.889:ERROR:process_reader_win.cc(151)] SuspendThread: Access is denied. (0x5)
[0216/200603.889:ERROR:process_reader_win.cc(151)] SuspendThread: Access is denied. (0x5)
[0216/200603.889:ERROR:process_reader_win.cc(151)] SuspendThread: Access is denied. (0x5)
[0216/200603.889:ERROR:process_reader_win.cc(151)] SuspendThread: Access is denied. (0x5)
[0216/200603.890:ERROR:exception_snapshot_win.cc(98)] thread ID 8204 not found in process
[0216/200603.889:ERROR:process_reader_win.cc(151)] SuspendThread: Access is denied. (0x5)
[0216/200603.890:ERROR:process_reader_win.cc(151)] SuspendThread: Access is denied. (0x5)
[0216/200603.889:ERROR:process_reader_win.cc(151)] SuspendThread: Access is denied. (0x5)
[0216/200603.889:ERROR:process_reader_win.cc(151)] SuspendThread: Access is denied. (0x5)
[0216/200603.890:ERROR:process_reader_win.cc(151)] SuspendThread: Access is denied. (0x5)
[0216/200603.889:ERROR:process_reader_win.cc(151)] SuspendThread: Access is denied. (0x5)
[0216/200603.889:ERROR:process_reader_win.cc(151)] SuspendThread: Access is denied. (0x5)
[0216/200603.890:ERROR:process_reader_win.cc(151)] SuspendThread: Access is denied. (0x5)
[0216/200603.890:ERROR:exception_snapshot_win.cc(98)] thread ID 3140 not found in process
[0216/200603.889:ERROR:process_reader_win.cc(151)] SuspendThread: Access is denied. (0x5)
[0216/200603.890:ERROR:process_reader_win.cc(151)] SuspendThread: Access is denied. (0x5)
[0216/200603.889:ERROR:process_reader_win.cc(151)] SuspendThread: Access is denied. (0x5)
[0216/200603.890:ERROR:process_reader_win.cc(151)] SuspendThread: Access is denied. (0x5)
[0216/200603.890:ERROR:process_reader_win.cc(151)] SuspendThread: Access is denied. (0x5)
[0216/200603.890:ERROR:exception_snapshot_win.cc(98)] thread ID 12224 not found in process
[0216/200603.890:ERROR:process_reader_win.cc(151)] SuspendThread: Access is denied. (0x5)
[0216/200603.890:ERROR:process_reader_win.cc(151)] SuspendThread: Access is denied. (0x5)
[0216/200603.890:ERROR:process_reader_win.cc(151)] SuspendThread: Access is denied. (0x5)
[0216/200603.890:ERROR:process_reader_win.cc(151)] SuspendThread: Access is denied. (0x5)
[0216/200603.890:ERROR:process_reader_win.cc(151)] SuspendThread: Access is denied. (0x5)
[0216/200603.890:ERROR:exception_snapshot_win.cc(98)] thread ID 5628 not found in process
[0216/200603.890:ERROR:process_reader_win.cc(151)] SuspendThread: Access is denied. (0x5)
[0216/200603.890:ERROR:process_reader_win.cc(151)] SuspendThread: Access is denied. (0x5)
[0216/200603.890:ERROR:process_reader_win.cc(151)] SuspendThread: Access is denied. (0x5)
[0216/200603.889:ERROR:process_reader_win.cc(151)] SuspendThread: Access is denied. (0x5)
[0216/200603.890:ERROR:process_reader_win.cc(151)] SuspendThread: Access is denied. (0x5)
[0216/200603.890:ERROR:process_reader_win.cc(151)] SuspendThread: Access is denied. (0x5)
[0216/200603.890:ERROR:exception_snapshot_win.cc(98)] thread ID 11632 not found in process
[0216/200603.890:ERROR:process_reader_win.cc(151)] SuspendThread: Access is denied. (0x5)
[0216/200603.890:ERROR:process_reader_win.cc(151)] SuspendThread: Access is denied. (0x5)
[0216/200603.890:ERROR:process_reader_win.cc(151)] SuspendThread: Access is denied. (0x5)
[0216/200603.890:ERROR:process_reader_win.cc(151)] SuspendThread: Access is denied. (0x5)
[0216/200603.890:ERROR:process_reader_win.cc(151)] SuspendThread: Access is denied. (0x5)
[0216/200603.889:ERROR:process_reader_win.cc(151)] SuspendThread: Access is denied. (0x5)
[0216/200603.890:ERROR:process_reader_win.cc(151)] SuspendThread: Access is denied. (0x5)
[0216/200603.890:ERROR:process_reader_win.cc(151)] SuspendThread: Access is denied. (0x5)
[0216/200603.890:ERROR:process_reader_win.cc(151)] SuspendThread: Access is denied. (0x5)
[0216/200603.890:ERROR:process_reader_win.cc(151)] SuspendThread: Access is denied. (0x5)
[0216/200603.890:ERROR:process_reader_win.cc(151)] SuspendThread: Access is denied. (0x5)
[0216/200603.890:ERROR:process_reader_win.cc(151)] SuspendThread: Access is denied. (0x5)
[0216/200603.890:ERROR:process_reader_win.cc(151)] SuspendThread: Access is denied. (0x5)
[0216/200603.890:ERROR:process_reader_win.cc(151)] SuspendThread: Access is denied. (0x5)
[0216/200603.890:ERROR:exception_snapshot_win.cc(98)] thread ID 15464 not found in process
[0216/200603.890:ERROR:process_reader_win.cc(151)] SuspendThread: Access is denied. (0x5)
[0216/200603.890:ERROR:exception_snapshot_win.cc(98)] thread ID 17436 not found in process
[0216/200603.890:ERROR:process_reader_win.cc(151)] SuspendThread: Access is denied. (0x5)
[0216/200603.890:ERROR:process_reader_win.cc(151)] SuspendThread: Access is denied. (0x5)
[0216/200603.890:ERROR:process_reader_win.cc(151)] SuspendThread: Access is denied. (0x5)
[0216/200603.890:ERROR:process_reader_win.cc(151)] SuspendThread: Access is denied. (0x5)
[0216/200603.890:ERROR:process_reader_win.cc(151)] SuspendThread: Access is denied. (0x5)
[0216/200603.890:ERROR:exception_snapshot_win.cc(98)] thread ID 3064 not found in process
[0216/200603.890:ERROR:process_reader_win.cc(151)] SuspendThread: Access is denied. (0x5)
[0216/200603.890:ERROR:process_reader_win.cc(151)] SuspendThread: Access is denied. (0x5)
[0216/200603.890:ERROR:process_reader_win.cc(151)] SuspendThread: Access is denied. (0x5)
[0216/200603.890:ERROR:process_reader_win.cc(151)] SuspendThread: Access is denied. (0x5)
[0216/200603.890:ERROR:process_reader_win.cc(151)] SuspendThread: Access is denied. (0x5)
[0216/200603.890:ERROR:process_reader_win.cc(151)] SuspendThread: Access is denied. (0x5)
[0216/200603.890:ERROR:process_reader_win.cc(151)] SuspendThread: Access is denied. (0x5)
[0216/200603.890:ERROR:process_reader_win.cc(151)] SuspendThread: Access is denied. (0x5)
[0216/200603.890:ERROR:process_reader_win.cc(151)] SuspendThread: Access is denied. (0x5)
[0216/200603.890:ERROR:exception_snapshot_win.cc(98)] thread ID 20144 not found in process
[0216/200603.891:ERROR:exception_snapshot_win.cc(98)] thread ID 20072 not found in process
[0216/200603.891:ERROR:exception_snapshot_win.cc(98)] thread ID 4420 not found in process
[0216/200603.891:ERROR:exception_snapshot_win.cc(98)] thread ID 10376 not found in process
[0216/200603.891:ERROR:exception_snapshot_win.cc(98)] thread ID 11984 not found in process
